# JRE version: Java(TM) SE Runtime Environment (8.0_31-b13) (build 1.8.0_31-b13)
# Java VM: Java HotSpot(TM) 64-Bit Server VM (25.31-b07 mixed mode windows-amd64 compressed oops)
Heap:
 PSYoungGen      total 190464K, used 45648K [0x00000000eab00000, 0x00000000f7980000, 0x0000000100000000)
  eden space 170496K, 26% used [0x00000000eab00000,0x00000000ed7942c8,0x00000000f5180000)
  from space 19968K, 0% used [0x00000000f6600000,0x00000000f6600000,0x00000000f7980000)
  to   space 20480K, 0% used [0x00000000f5180000,0x00000000f5180000,0x00000000f6580000)
 ParOldGen       total 93184K, used 44543K [0x00000000c0000000, 0x00000000c5b00000, 0x00000000eab00000)
  object space 93184K, 47% used [0x00000000c0000000,0x00000000c2b7ff60,0x00000000c5b00000)
 Metaspace       used 43442K, capacity 46609K, committed 46848K, reserved 1089536K
  class space    used 6036K, capacity 7015K, committed 7168K, reserved 1048576K
GC Heap History (10 events):
Event: 14.350 GC heap before
{Heap before GC invocations=19 (full 2):
 PSYoungGen      total 130560K, used 4656K [0x00000000eab00000, 0x00000000f5580000, 0x0000000100000000)
  eden space 118272K, 0% used [0x00000000eab00000,0x00000000eab00000,0x00000000f1e80000)
  from space 12288K, 37% used [0x00000000f1e80000,0x00000000f230c358,0x00000000f2a80000)
  to   space 11776K, 0% used [0x00000000f4a00000,0x00000000f4a00000,0x00000000f5580000)
 ParOldGen       total 50176K, used 26962K [0x00000000c0000000, 0x00000000c3100000, 0x00000000eab00000)
  object space 50176K, 53% used [0x00000000c0000000,0x00000000c1a54a70,0x00000000c3100000)
 Metaspace       used 33903K, capacity 35240K, committed 35416K, reserved 1079296K
  class space    used 4462K, capacity 4994K, committed 5120K, reserved 1048576K
Event: 14.669 GC heap after
Heap after GC invocations=19 (full 2):
 PSYoungGen      total 130560K, used 0K [0x00000000eab00000, 0x00000000f5580000, 0x0000000100000000)
  eden space 118272K, 0% used [0x00000000eab00000,0x00000000eab00000,0x00000000f1e80000)
  from space 12288K, 0% used [0x00000000f1e80000,0x00000000f1e80000,0x00000000f2a80000)
  to   space 11776K, 0% used [0x00000000f4a00000,0x00000000f4a00000,0x00000000f5580000)
 ParOldGen       total 93184K, used 27249K [0x00000000c0000000, 0x00000000c5b00000, 0x00000000eab00000)
  object space 93184K, 29% used [0x00000000c0000000,0x00000000c1a9c5b8,0x00000000c5b00000)
 Metaspace       used 33903K, capacity 35240K, committed 35416K, reserved 1079296K
  class space    used 4462K, capacity 4994K, committed 5120K, reserved 1048576K
}
Event: 16.987 GC heap before
{Heap before GC invocations=20 (full 2):
 PSYoungGen      total 130560K, used 118272K [0x00000000eab00000, 0x00000000f5580000, 0x0000000100000000)
  eden space 118272K, 100% used [0x00000000eab00000,0x00000000f1e80000,0x00000000f1e80000)
  from space 12288K, 0% used [0x00000000f1e80000,0x00000000f1e80000,0x00000000f2a80000)
  to   space 11776K, 0% used [0x00000000f4a00000,0x00000000f4a00000,0x00000000f5580000)
 ParOldGen       total 93184K, used 27249K [0x00000000c0000000, 0x00000000c5b00000, 0x00000000eab00000)
  object space 93184K, 29% used [0x00000000c0000000,0x00000000c1a9c5b8,0x00000000c5b00000)
 Metaspace       used 37311K, capacity 39228K, committed 39296K, reserved 1083392K
  class space    used 5052K, capacity 5710K, committed 5760K, reserved 1048576K
Event: 17.068 GC heap after
Heap after GC invocations=20 (full 2):
 PSYoungGen      total 154112K, used 11748K [0x00000000eab00000, 0x00000000f5580000, 0x0000000100000000)
  eden space 142336K, 0% used [0x00000000eab00000,0x00000000eab00000,0x00000000f3600000)
  from space 11776K, 99% used [0x00000000f4a00000,0x00000000f5579208,0x00000000f5580000)
  to   space 14336K, 0% used [0x00000000f3980000,0x00000000f3980000,0x00000000f4780000)
 ParOldGen       total 93184K, used 28650K [0x00000000c0000000, 0x00000000c5b00000, 0x00000000eab00000)
  object space 93184K, 30% used [0x00000000c0000000,0x00000000c1bfa820,0x00000000c5b00000)
 Metaspace       used 37311K, capacity 39228K, committed 39296K, reserved 1083392K
  class space    used 5052K, capacity 5710K, committed 5760K, reserved 1048576K
}
Event: 21.036 GC heap before
{Heap before GC invocations=21 (full 2):
 PSYoungGen      total 154112K, used 154084K [0x00000000eab00000, 0x00000000f5580000, 0x0000000100000000)
  eden space 142336K, 100% used [0x00000000eab00000,0x00000000f3600000,0x00000000f3600000)
  from space 11776K, 99% used [0x00000000f4a00000,0x00000000f5579208,0x00000000f5580000)
  to   space 14336K, 0% used [0x00000000f3980000,0x00000000f3980000,0x00000000f4780000)
 ParOldGen       total 93184K, used 28650K [0x00000000c0000000, 0x00000000c5b00000, 0x00000000eab00000)
  object space 93184K, 30% used [0x00000000c0000000,0x00000000c1bfa820,0x00000000c5b00000)
 Metaspace       used 42750K, capacity 45757K, committed 45952K, reserved 1087488K
  class space    used 5960K, capacity 6951K, committed 7040K, reserved 1048576K
Event: 21.101 GC heap after
Heap after GC invocations=21 (full 2):
 PSYoungGen      total 160256K, used 14310K [0x00000000eab00000, 0x00000000f7a80000, 0x0000000100000000)
  eden space 145920K, 0% used [0x00000000eab00000,0x00000000eab00000,0x00000000f3980000)
  from space 14336K, 99% used [0x00000000f3980000,0x00000000f4779960,0x00000000f4780000)
  to   space 20992K, 0% used [0x00000000f6600000,0x00000000f6600000,0x00000000f7a80000)
 ParOldGen       total 93184K, used 40093K [0x00000000c0000000, 0x00000000c5b00000, 0x00000000eab00000)
  object space 93184K, 43% used [0x00000000c0000000,0x00000000c2727420,0x00000000c5b00000)
 Metaspace       used 42750K, capacity 45757K, committed 45952K, reserved 1087488K
  class space    used 5960K, capacity 6951K, committed 7040K, reserved 1048576K
}
Event: 21.485 GC heap before
{Heap before GC invocations=22 (full 2):
 PSYoungGen      total 160256K, used 31166K [0x00000000eab00000, 0x00000000f7a80000, 0x0000000100000000)
  eden space 145920K, 11% used [0x00000000eab00000,0x00000000ebb761c8,0x00000000f3980000)
  from space 14336K, 99% used [0x00000000f3980000,0x00000000f4779960,0x00000000f4780000)
  to   space 20992K, 0% used [0x00000000f6600000,0x00000000f6600000,0x00000000f7a80000)
 ParOldGen       total 93184K, used 40093K [0x00000000c0000000, 0x00000000c5b00000, 0x00000000eab00000)
  object space 93184K, 43% used [0x00000000c0000000,0x00000000c2727420,0x00000000c5b00000)
 Metaspace       used 43284K, capacity 46459K, committed 46464K, reserved 1089536K
  class space    used 6034K, capacity 7037K, committed 7040K, reserved 1048576K
Event: 21.553 GC heap after
Heap after GC invocations=22 (full 2):
 PSYoungGen      total 190464K, used 1418K [0x00000000eab00000, 0x00000000f7980000, 0x0000000100000000)
  eden space 170496K, 0% used [0x00000000eab00000,0x00000000eab00000,0x00000000f5180000)
  from space 19968K, 7% used [0x00000000f6600000,0x00000000f6762be8,0x00000000f7980000)
  to   space 20480K, 0% used [0x00000000f5180000,0x00000000f5180000,0x00000000f6580000)
 ParOldGen       total 93184K, used 52121K [0x00000000c0000000, 0x00000000c5b00000, 0x00000000eab00000)
  object space 93184K, 55% used [0x00000000c0000000,0x00000000c32e6430,0x00000000c5b00000)
 Metaspace       used 43284K, capacity 46459K, committed 46464K, reserved 1089536K
  class space    used 6034K, capacity 7037K, committed 7040K, reserved 1048576K
}
Event: 21.554 GC heap before
{Heap before GC invocations=23 (full 3):
 PSYoungGen      total 190464K, used 1418K [0x00000000eab00000, 0x00000000f7980000, 0x0000000100000000)
  eden space 170496K, 0% used [0x00000000eab00000,0x00000000eab00000,0x00000000f5180000)
  from space 19968K, 7% used [0x00000000f6600000,0x00000000f6762be8,0x00000000f7980000)
  to   space 20480K, 0% used [0x00000000f5180000,0x00000000f5180000,0x00000000f6580000)
 ParOldGen       total 93184K, used 52121K [0x00000000c0000000, 0x00000000c5b00000, 0x00000000eab00000)
  object space 93184K, 55% used [0x00000000c0000000,0x00000000c32e6430,0x00000000c5b00000)
 Metaspace       used 43284K, capacity 46459K, committed 46464K, reserved 1089536K
  class space    used 6034K, capacity 7037K, committed 7040K, reserved 1048576K
Event: 22.134 GC heap after
Heap after GC invocations=23 (full 3):
 PSYoungGen      total 190464K, used 0K [0x00000000eab00000, 0x00000000f7980000, 0x0000000100000000)
  eden space 170496K, 0% used [0x00000000eab00000,0x00000000eab00000,0x00000000f5180000)
  from space 19968K, 0% used [0x00000000f6600000,0x00000000f6600000,0x00000000f7980000)
  to   space 20480K, 0% used [0x00000000f5180000,0x00000000f5180000,0x00000000f6580000)
 ParOldGen       total 93184K, used 44543K [0x00000000c0000000, 0x00000000c5b00000, 0x00000000eab00000)
  object space 93184K, 47% used [0x00000000c0000000,0x00000000c2b7ff60,0x00000000c5b00000)
 Metaspace       used 43216K, capacity 46231K, committed 46464K, reserved 1089536K
  class space    used 6020K, capacity 6969K, committed 7040K, reserved 1048576K
}

