# JRE version: Java(TM) SE Runtime Environment (8.0_31-b13) (build 1.8.0_31-b13)
# Java VM: Java HotSpot(TM) 64-Bit Server VM (25.31-b07 mixed mode windows-amd64 compressed oops)
Heap:
 PSYoungGen      total 252928K, used 243670K [0x00000000eab00000, 0x00000000fcb00000, 0x0000000100000000)
  eden space 219136K, 100% used [0x00000000eab00000,0x00000000f8100000,0x00000000f8100000)
  from space 33792K, 72% used [0x00000000faa00000,0x00000000fc1f5878,0x00000000fcb00000)
  to   space 37888K, 99% used [0x00000000f8100000,0x00000000fa5f8040,0x00000000fa600000)
 ParOldGen       total 91648K, used 70069K [0x00000000c0000000, 0x00000000c5980000, 0x00000000eab00000)
  object space 91648K, 76% used [0x00000000c0000000,0x00000000c446d478,0x00000000c5980000)
 Metaspace       used 71805K, capacity 77460K, committed 77608K, reserved 1116160K
  class space    used 9889K, capacity 11788K, committed 11816K, reserved 1048576K
GC Heap History (10 events):
Event: 247.776 GC heap after
Heap after GC invocations=18 (full 3):
 PSYoungGen      total 195072K, used 30693K [0x00000000eab00000, 0x00000000fb080000, 0x0000000100000000)
  eden space 164352K, 0% used [0x00000000eab00000,0x00000000eab00000,0x00000000f4b80000)
  from space 30720K, 99% used [0x00000000f4b80000,0x00000000f69796e0,0x00000000f6980000)
  to   space 36352K, 0% used [0x00000000f8d00000,0x00000000f8d00000,0x00000000fb080000)
 ParOldGen       total 91648K, used 54900K [0x00000000c0000000, 0x00000000c5980000, 0x00000000eab00000)
  object space 91648K, 59% used [0x00000000c0000000,0x00000000c359d0f8,0x00000000c5980000)
 Metaspace       used 56342K, capacity 59796K, committed 60072K, reserved 1099776K
  class space    used 7604K, capacity 8770K, committed 8872K, reserved 1048576K
}
Event: 253.924 GC heap before
{Heap before GC invocations=19 (full 3):
 PSYoungGen      total 195072K, used 84908K [0x00000000eab00000, 0x00000000fb080000, 0x0000000100000000)
  eden space 164352K, 32% used [0x00000000eab00000,0x00000000edff1ac0,0x00000000f4b80000)
  from space 30720K, 99% used [0x00000000f4b80000,0x00000000f69796e0,0x00000000f6980000)
  to   space 36352K, 0% used [0x00000000f8d00000,0x00000000f8d00000,0x00000000fb080000)
 ParOldGen       total 91648K, used 54900K [0x00000000c0000000, 0x00000000c5980000, 0x00000000eab00000)
  object space 91648K, 59% used [0x00000000c0000000,0x00000000c359d0f8,0x00000000c5980000)
 Metaspace       used 57294K, capacity 60772K, committed 60968K, reserved 1101824K
  class space    used 7750K, capacity 8923K, committed 9000K, reserved 1048576K
Event: 253.972 GC heap after
Heap after GC invocations=19 (full 3):
 PSYoungGen      total 230400K, used 22519K [0x00000000eab00000, 0x00000000fb280000, 0x0000000100000000)
  eden space 194048K, 0% used [0x00000000eab00000,0x00000000eab00000,0x00000000f6880000)
  from space 36352K, 61% used [0x00000000f8d00000,0x00000000fa2fde30,0x00000000fb080000)
  to   space 37376K, 0% used [0x00000000f6880000,0x00000000f6880000,0x00000000f8d00000)
 ParOldGen       total 91648K, used 54908K [0x00000000c0000000, 0x00000000c5980000, 0x00000000eab00000)
  object space 91648K, 59% used [0x00000000c0000000,0x00000000c359f0f8,0x00000000c5980000)
 Metaspace       used 57294K, capacity 60772K, committed 60968K, reserved 1101824K
  class space    used 7750K, capacity 8923K, committed 9000K, reserved 1048576K
}
Event: 253.972 GC heap before
{Heap before GC invocations=20 (full 4):
 PSYoungGen      total 230400K, used 22519K [0x00000000eab00000, 0x00000000fb280000, 0x0000000100000000)
  eden space 194048K, 0% used [0x00000000eab00000,0x00000000eab00000,0x00000000f6880000)
  from space 36352K, 61% used [0x00000000f8d00000,0x00000000fa2fde30,0x00000000fb080000)
  to   space 37376K, 0% used [0x00000000f6880000,0x00000000f6880000,0x00000000f8d00000)
 ParOldGen       total 91648K, used 54908K [0x00000000c0000000, 0x00000000c5980000, 0x00000000eab00000)
  object space 91648K, 59% used [0x00000000c0000000,0x00000000c359f0f8,0x00000000c5980000)
 Metaspace       used 57294K, capacity 60772K, committed 60968K, reserved 1101824K
  class space    used 7750K, capacity 8923K, committed 9000K, reserved 1048576K
Event: 255.009 GC heap after
Heap after GC invocations=20 (full 4):
 PSYoungGen      total 230400K, used 0K [0x00000000eab00000, 0x00000000fb280000, 0x0000000100000000)
  eden space 194048K, 0% used [0x00000000eab00000,0x00000000eab00000,0x00000000f6880000)
  from space 36352K, 0% used [0x00000000f8d00000,0x00000000f8d00000,0x00000000fb080000)
  to   space 37376K, 0% used [0x00000000f6880000,0x00000000f6880000,0x00000000f8d00000)
 ParOldGen       total 91648K, used 67637K [0x00000000c0000000, 0x00000000c5980000, 0x00000000eab00000)
  object space 91648K, 73% used [0x00000000c0000000,0x00000000c420d6e8,0x00000000c5980000)
 Metaspace       used 57261K, capacity 60658K, committed 60968K, reserved 1101824K
  class space    used 7742K, capacity 8889K, committed 9000K, reserved 1048576K
}
Event: 278.436 GC heap before
{Heap before GC invocations=21 (full 4):
 PSYoungGen      total 230400K, used 194048K [0x00000000eab00000, 0x00000000fb280000, 0x0000000100000000)
  eden space 194048K, 100% used [0x00000000eab00000,0x00000000f6880000,0x00000000f6880000)
  from space 36352K, 0% used [0x00000000f8d00000,0x00000000f8d00000,0x00000000fb080000)
  to   space 37376K, 0% used [0x00000000f6880000,0x00000000f6880000,0x00000000f8d00000)
 ParOldGen       total 91648K, used 67637K [0x00000000c0000000, 0x00000000c5980000, 0x00000000eab00000)
  object space 91648K, 73% used [0x00000000c0000000,0x00000000c420d6e8,0x00000000c5980000)
 Metaspace       used 62387K, capacity 66648K, committed 66856K, reserved 1105920K
  class space    used 8467K, capacity 9933K, committed 10024K, reserved 1048576K
Event: 278.476 GC heap after
Heap after GC invocations=21 (full 4):
 PSYoungGen      total 231424K, used 19609K [0x00000000eab00000, 0x00000000fcd80000, 0x0000000100000000)
  eden space 194048K, 0% used [0x00000000eab00000,0x00000000eab00000,0x00000000f6880000)
  from space 37376K, 52% used [0x00000000f6880000,0x00000000f7ba6558,0x00000000f8d00000)
  to   space 36352K, 0% used [0x00000000faa00000,0x00000000faa00000,0x00000000fcd80000)
 ParOldGen       total 91648K, used 67645K [0x00000000c0000000, 0x00000000c5980000, 0x00000000eab00000)
  object space 91648K, 73% used [0x00000000c0000000,0x00000000c420f6e8,0x00000000c5980000)
 Metaspace       used 62387K, capacity 66648K, committed 66856K, reserved 1105920K
  class space    used 8467K, capacity 9933K, committed 10024K, reserved 1048576K
}
Event: 334.845 GC heap before
{Heap before GC invocations=22 (full 4):
 PSYoungGen      total 231424K, used 213657K [0x00000000eab00000, 0x00000000fcd80000, 0x0000000100000000)
  eden space 194048K, 100% used [0x00000000eab00000,0x00000000f6880000,0x00000000f6880000)
  from space 37376K, 52% used [0x00000000f6880000,0x00000000f7ba6558,0x00000000f8d00000)
  to   space 36352K, 0% used [0x00000000faa00000,0x00000000faa00000,0x00000000fcd80000)
 ParOldGen       total 91648K, used 67645K [0x00000000c0000000, 0x00000000c5980000, 0x00000000eab00000)
  object space 91648K, 73% used [0x00000000c0000000,0x00000000c420f6e8,0x00000000c5980000)
 Metaspace       used 65484K, capacity 70151K, committed 70184K, reserved 1110016K
  class space    used 8964K, capacity 10524K, committed 10536K, reserved 1048576K
Event: 334.887 GC heap after
Heap after GC invocations=22 (full 4):
 PSYoungGen      total 252928K, used 24534K [0x00000000eab00000, 0x00000000fcb00000, 0x0000000100000000)
  eden space 219136K, 0% used [0x00000000eab00000,0x00000000eab00000,0x00000000f8100000)
  from space 33792K, 72% used [0x00000000faa00000,0x00000000fc1f5878,0x00000000fcb00000)
  to   space 37888K, 0% used [0x00000000f8100000,0x00000000f8100000,0x00000000fa600000)
 ParOldGen       total 91648K, used 67653K [0x00000000c0000000, 0x00000000c5980000, 0x00000000eab00000)
  object space 91648K, 73% used [0x00000000c0000000,0x00000000c42116e8,0x00000000c5980000)
 Metaspace       used 65484K, capacity 70151K, committed 70184K, reserved 1110016K
  class space    used 8964K, capacity 10524K, committed 10536K, reserved 1048576K
}
Event: 337.624 GC heap before
{Heap before GC invocations=23 (full 4):
 PSYoungGen      total 252928K, used 243670K [0x00000000eab00000, 0x00000000fcb00000, 0x0000000100000000)
  eden space 219136K, 100% used [0x00000000eab00000,0x00000000f8100000,0x00000000f8100000)
  from space 33792K, 72% used [0x00000000faa00000,0x00000000fc1f5878,0x00000000fcb00000)
  to   space 37888K, 0% used [0x00000000f8100000,0x00000000f8100000,0x00000000fa600000)
 ParOldGen       total 91648K, used 67653K [0x00000000c0000000, 0x00000000c5980000, 0x00000000eab00000)
  object space 91648K, 73% used [0x00000000c0000000,0x00000000c42116e8,0x00000000c5980000)
 Metaspace       used 71805K, capacity 77460K, committed 77608K, reserved 1116160K
  class space    used 9889K, capacity 11788K, committed 11816K, reserved 1048576K

