# JRE version: Java(TM) SE Runtime Environment (8.0_31-b13) (build 1.8.0_31-b13)
# Java VM: Java HotSpot(TM) 64-Bit Server VM (25.31-b07 mixed mode windows-amd64 compressed oops)
Heap:
 PSYoungGen      total 207360K, used 188928K [0x00000000eab00000, 0x00000000f8780000, 0x0000000100000000)
  eden space 188928K, 100% used [0x00000000eab00000,0x00000000f6380000,0x00000000f6380000)
  from space 18432K, 0% used [0x00000000f7580000,0x00000000f7580000,0x00000000f8780000)
  to   space 18432K, 76% used [0x00000000f6380000,0x00000000f714c010,0x00000000f7580000)
 ParOldGen       total 72192K, used 45848K [0x00000000c0000000, 0x00000000c4680000, 0x00000000eab00000)
  object space 72192K, 63% used [0x00000000c0000000,0x00000000c2cc61c0,0x00000000c4680000)
 Metaspace       used 48241K, capacity 52119K, committed 52184K, reserved 1093632K
  class space    used 6704K, capacity 7932K, committed 7936K, reserved 1048576K
GC Heap History (10 events):
Event: 33.436 GC heap after
Heap after GC invocations=17 (full 1):
 PSYoungGen      total 175104K, used 5773K [0x00000000eab00000, 0x00000000f6780000, 0x0000000100000000)
  eden space 160256K, 0% used [0x00000000eab00000,0x00000000eab00000,0x00000000f4780000)
  from space 14848K, 38% used [0x00000000f5580000,0x00000000f5b23760,0x00000000f6400000)
  to   space 14336K, 0% used [0x00000000f4780000,0x00000000f4780000,0x00000000f5580000)
 ParOldGen       total 37888K, used 27436K [0x00000000c0000000, 0x00000000c2500000, 0x00000000eab00000)
  object space 37888K, 72% used [0x00000000c0000000,0x00000000c1acb1f8,0x00000000c2500000)
 Metaspace       used 33896K, capacity 35182K, committed 35416K, reserved 1079296K
  class space    used 4462K, capacity 4964K, committed 4992K, reserved 1048576K
}
Event: 33.436 GC heap before
{Heap before GC invocations=18 (full 2):
 PSYoungGen      total 175104K, used 5773K [0x00000000eab00000, 0x00000000f6780000, 0x0000000100000000)
  eden space 160256K, 0% used [0x00000000eab00000,0x00000000eab00000,0x00000000f4780000)
  from space 14848K, 38% used [0x00000000f5580000,0x00000000f5b23760,0x00000000f6400000)
  to   space 14336K, 0% used [0x00000000f4780000,0x00000000f4780000,0x00000000f5580000)
 ParOldGen       total 37888K, used 27436K [0x00000000c0000000, 0x00000000c2500000, 0x00000000eab00000)
  object space 37888K, 72% used [0x00000000c0000000,0x00000000c1acb1f8,0x00000000c2500000)
 Metaspace       used 33896K, capacity 35182K, committed 35416K, reserved 1079296K
  class space    used 4462K, capacity 4964K, committed 4992K, reserved 1048576K
Event: 33.752 GC heap after
Heap after GC invocations=18 (full 2):
 PSYoungGen      total 175104K, used 0K [0x00000000eab00000, 0x00000000f6780000, 0x0000000100000000)
  eden space 160256K, 0% used [0x00000000eab00000,0x00000000eab00000,0x00000000f4780000)
  from space 14848K, 0% used [0x00000000f5580000,0x00000000f5580000,0x00000000f6400000)
  to   space 14336K, 0% used [0x00000000f4780000,0x00000000f4780000,0x00000000f5580000)
 ParOldGen       total 72192K, used 27572K [0x00000000c0000000, 0x00000000c4680000, 0x00000000eab00000)
  object space 72192K, 38% used [0x00000000c0000000,0x00000000c1aed2e8,0x00000000c4680000)
 Metaspace       used 33896K, capacity 35182K, committed 35416K, reserved 1079296K
  class space    used 4462K, capacity 4964K, committed 4992K, reserved 1048576K
}
Event: 37.765 GC heap before
{Heap before GC invocations=19 (full 2):
 PSYoungGen      total 175104K, used 160256K [0x00000000eab00000, 0x00000000f6780000, 0x0000000100000000)
  eden space 160256K, 100% used [0x00000000eab00000,0x00000000f4780000,0x00000000f4780000)
  from space 14848K, 0% used [0x00000000f5580000,0x00000000f5580000,0x00000000f6400000)
  to   space 14336K, 0% used [0x00000000f4780000,0x00000000f4780000,0x00000000f5580000)
 ParOldGen       total 72192K, used 27572K [0x00000000c0000000, 0x00000000c4680000, 0x00000000eab00000)
  object space 72192K, 38% used [0x00000000c0000000,0x00000000c1aed2e8,0x00000000c4680000)
 Metaspace       used 39705K, capacity 41572K, committed 41816K, reserved 1085440K
  class space    used 5443K, capacity 6185K, committed 6272K, reserved 1048576K
Event: 37.803 GC heap after
Heap after GC invocations=19 (full 2):
 PSYoungGen      total 174592K, used 14336K [0x00000000eab00000, 0x00000000f8780000, 0x0000000100000000)
  eden space 160256K, 0% used [0x00000000eab00000,0x00000000eab00000,0x00000000f4780000)
  from space 14336K, 100% used [0x00000000f4780000,0x00000000f5580000,0x00000000f5580000)
  to   space 18432K, 0% used [0x00000000f7580000,0x00000000f7580000,0x00000000f8780000)
 ParOldGen       total 72192K, used 31386K [0x00000000c0000000, 0x00000000c4680000, 0x00000000eab00000)
  object space 72192K, 43% used [0x00000000c0000000,0x00000000c1ea68f0,0x00000000c4680000)
 Metaspace       used 39705K, capacity 41572K, committed 41816K, reserved 1085440K
  class space    used 5443K, capacity 6185K, committed 6272K, reserved 1048576K
}
Event: 40.529 GC heap before
{Heap before GC invocations=20 (full 2):
 PSYoungGen      total 174592K, used 117029K [0x00000000eab00000, 0x00000000f8780000, 0x0000000100000000)
  eden space 160256K, 64% used [0x00000000eab00000,0x00000000f0f497f0,0x00000000f4780000)
  from space 14336K, 100% used [0x00000000f4780000,0x00000000f5580000,0x00000000f5580000)
  to   space 18432K, 0% used [0x00000000f7580000,0x00000000f7580000,0x00000000f8780000)
 ParOldGen       total 72192K, used 31386K [0x00000000c0000000, 0x00000000c4680000, 0x00000000eab00000)
  object space 72192K, 43% used [0x00000000c0000000,0x00000000c1ea68f0,0x00000000c4680000)
 Metaspace       used 43227K, capacity 46433K, committed 46680K, reserved 1089536K
  class space    used 6019K, capacity 7023K, committed 7040K, reserved 1048576K
Event: 40.575 GC heap after
Heap after GC invocations=20 (full 2):
 PSYoungGen      total 207360K, used 10354K [0x00000000eab00000, 0x00000000f8780000, 0x0000000100000000)
  eden space 188928K, 0% used [0x00000000eab00000,0x00000000eab00000,0x00000000f6380000)
  from space 18432K, 56% used [0x00000000f7580000,0x00000000f7f9cb40,0x00000000f8780000)
  to   space 18432K, 0% used [0x00000000f6380000,0x00000000f6380000,0x00000000f7580000)
 ParOldGen       total 72192K, used 45667K [0x00000000c0000000, 0x00000000c4680000, 0x00000000eab00000)
  object space 72192K, 63% used [0x00000000c0000000,0x00000000c2c98e80,0x00000000c4680000)
 Metaspace       used 43227K, capacity 46433K, committed 46680K, reserved 1089536K
  class space    used 6019K, capacity 7023K, committed 7040K, reserved 1048576K
}
Event: 40.575 GC heap before
{Heap before GC invocations=21 (full 3):
 PSYoungGen      total 207360K, used 10354K [0x00000000eab00000, 0x00000000f8780000, 0x0000000100000000)
  eden space 188928K, 0% used [0x00000000eab00000,0x00000000eab00000,0x00000000f6380000)
  from space 18432K, 56% used [0x00000000f7580000,0x00000000f7f9cb40,0x00000000f8780000)
  to   space 18432K, 0% used [0x00000000f6380000,0x00000000f6380000,0x00000000f7580000)
 ParOldGen       total 72192K, used 45667K [0x00000000c0000000, 0x00000000c4680000, 0x00000000eab00000)
  object space 72192K, 63% used [0x00000000c0000000,0x00000000c2c98e80,0x00000000c4680000)
 Metaspace       used 43227K, capacity 46433K, committed 46680K, reserved 1089536K
  class space    used 6019K, capacity 7023K, committed 7040K, reserved 1048576K
Event: 41.122 GC heap after
Heap after GC invocations=21 (full 3):
 PSYoungGen      total 207360K, used 0K [0x00000000eab00000, 0x00000000f8780000, 0x0000000100000000)
  eden space 188928K, 0% used [0x00000000eab00000,0x00000000eab00000,0x00000000f6380000)
  from space 18432K, 0% used [0x00000000f7580000,0x00000000f7580000,0x00000000f8780000)
  to   space 18432K, 0% used [0x00000000f6380000,0x00000000f6380000,0x00000000f7580000)
 ParOldGen       total 72192K, used 45840K [0x00000000c0000000, 0x00000000c4680000, 0x00000000eab00000)
  object space 72192K, 63% used [0x00000000c0000000,0x00000000c2cc41c0,0x00000000c4680000)
 Metaspace       used 43159K, capacity 46205K, committed 46680K, reserved 1089536K
  class space    used 6005K, capacity 6955K, committed 7040K, reserved 1048576K
}
Event: 51.358 GC heap before
{Heap before GC invocations=22 (full 3):
 PSYoungGen      total 207360K, used 188928K [0x00000000eab00000, 0x00000000f8780000, 0x0000000100000000)
  eden space 188928K, 100% used [0x00000000eab00000,0x00000000f6380000,0x00000000f6380000)
  from space 18432K, 0% used [0x00000000f7580000,0x00000000f7580000,0x00000000f8780000)
  to   space 18432K, 0% used [0x00000000f6380000,0x00000000f6380000,0x00000000f7580000)
 ParOldGen       total 72192K, used 45840K [0x00000000c0000000, 0x00000000c4680000, 0x00000000eab00000)
  object space 72192K, 63% used [0x00000000c0000000,0x00000000c2cc41c0,0x00000000c4680000)
 Metaspace       used 48241K, capacity 52119K, committed 52184K, reserved 1093632K
  class space    used 6704K, capacity 7932K, committed 7936K, reserved 1048576K

